Analysis & Synthesis report for watch
Sun Jan 09 13:08:39 2022
Quartus II 64-Bit Version 13.0.1 Build 232 06/12/2013 Service Pack 1 SJ Full Version


---------------------
; Table of Contents ;
---------------------
  1. Legal Notice
  2. Analysis & Synthesis Summary
  3. Analysis & Synthesis Settings
  4. Parallel Compilation
  5. Analysis & Synthesis Source Files Read
  6. Analysis & Synthesis Resource Usage Summary
  7. Analysis & Synthesis Resource Utilization by Entity
  8. State Machine - |watch|flag
  9. User-Specified and Inferred Latches
 10. General Register Statistics
 11. Multiplexer Restructuring Statistics (Restructuring Performed)
 12. Elapsed Time Per Partition
 13. Analysis & Synthesis Messages
 14. Analysis & Synthesis Suppressed Messages



----------------
; Legal Notice ;
----------------
Copyright (C) 1991-2013 Altera Corporation
Your use of Altera Corporation's design tools, logic functions 
and other software and tools, and its AMPP partner logic 
functions, and any output files from any of the foregoing 
(including device programming or simulation files), and any 
associated documentation or information are expressly subject 
to the terms and conditions of the Altera Program License 
Subscription Agreement, Altera MegaCore Function License 
Agreement, or other applicable license agreement, including, 
without limitation, that your use is for the sole purpose of 
programming logic devices manufactured by Altera and sold by 
Altera or its authorized distributors.  Please refer to the 
applicable agreement for further details.



+---------------------------------------------------------------------------------------+
; Analysis & Synthesis Summary                                                          ;
+------------------------------------+--------------------------------------------------+
; Analysis & Synthesis Status        ; Successful - Sun Jan 09 13:08:39 2022            ;
; Quartus II 64-Bit Version          ; 13.0.1 Build 232 06/12/2013 SP 1 SJ Full Version ;
; Revision Name                      ; watch                                            ;
; Top-level Entity Name              ; watch                                            ;
; Family                             ; Cyclone IV E                                     ;
; Total logic elements               ; 482                                              ;
;     Total combinational functions  ; 481                                              ;
;     Dedicated logic registers      ; 198                                              ;
; Total registers                    ; 198                                              ;
; Total pins                         ; 14                                               ;
; Total virtual pins                 ; 0                                                ;
; Total memory bits                  ; 0                                                ;
; Embedded Multiplier 9-bit elements ; 0                                                ;
; Total PLLs                         ; 0                                                ;
+------------------------------------+--------------------------------------------------+


+----------------------------------------------------------------------------------------------------------------------+
; Analysis & Synthesis Settings                                                                                        ;
+----------------------------------------------------------------------------+--------------------+--------------------+
; Option                                                                     ; Setting            ; Default Value      ;
+----------------------------------------------------------------------------+--------------------+--------------------+
; Device                                                                     ; EP4CE6E22C6        ;                    ;
; Top-level entity name                                                      ; watch              ; watch              ;
; Family name                                                                ; Cyclone IV E       ; Cyclone IV GX      ;
; Use smart compilation                                                      ; Off                ; Off                ;
; Enable parallel Assembler and TimeQuest Timing Analyzer during compilation ; On                 ; On                 ;
; Enable compact report table                                                ; Off                ; Off                ;
; Restructure Multiplexers                                                   ; Auto               ; Auto               ;
; Create Debugging Nodes for IP Cores                                        ; Off                ; Off                ;
; Preserve fewer node names                                                  ; On                 ; On                 ;
; Disable OpenCore Plus hardware evaluation                                  ; Off                ; Off                ;
; Verilog Version                                                            ; Verilog_2001       ; Verilog_2001       ;
; VHDL Version                                                               ; VHDL_1993          ; VHDL_1993          ;
; State Machine Processing                                                   ; Auto               ; Auto               ;
; Safe State Machine                                                         ; Off                ; Off                ;
; Extract Verilog State Machines                                             ; On                 ; On                 ;
; Extract VHDL State Machines                                                ; On                 ; On                 ;
; Ignore Verilog initial constructs                                          ; Off                ; Off                ;
; Iteration limit for constant Verilog loops                                 ; 5000               ; 5000               ;
; Iteration limit for non-constant Verilog loops                             ; 250                ; 250                ;
; Add Pass-Through Logic to Inferred RAMs                                    ; On                 ; On                 ;
; Infer RAMs from Raw Logic                                                  ; On                 ; On                 ;
; Parallel Synthesis                                                         ; On                 ; On                 ;
; DSP Block Balancing                                                        ; Auto               ; Auto               ;
; NOT Gate Push-Back                                                         ; On                 ; On                 ;
; Power-Up Don't Care                                                        ; On                 ; On                 ;
; Remove Redundant Logic Cells                                               ; Off                ; Off                ;
; Remove Duplicate Registers                                                 ; On                 ; On                 ;
; Ignore CARRY Buffers                                                       ; Off                ; Off                ;
; Ignore CASCADE Buffers                                                     ; Off                ; Off                ;
; Ignore GLOBAL Buffers                                                      ; Off                ; Off                ;
; Ignore ROW GLOBAL Buffers                                                  ; Off                ; Off                ;
; Ignore LCELL Buffers                                                       ; Off                ; Off                ;
; Ignore SOFT Buffers                                                        ; On                 ; On                 ;
; Limit AHDL Integers to 32 Bits                                             ; Off                ; Off                ;
; Optimization Technique                                                     ; Balanced           ; Balanced           ;
; Carry Chain Length                                                         ; 70                 ; 70                 ;
; Auto Carry Chains                                                          ; On                 ; On                 ;
; Auto Open-Drain Pins                                                       ; On                 ; On                 ;
; Perform WYSIWYG Primitive Resynthesis                                      ; Off                ; Off                ;
; Auto ROM Replacement                                                       ; On                 ; On                 ;
; Auto RAM Replacement                                                       ; On                 ; On                 ;
; Auto DSP Block Replacement                                                 ; On                 ; On                 ;
; Auto Shift Register Replacement                                            ; Auto               ; Auto               ;
; Allow Shift Register Merging across Hierarchies                            ; Auto               ; Auto               ;
; Auto Clock Enable Replacement                                              ; On                 ; On                 ;
; Strict RAM Replacement                                                     ; Off                ; Off                ;
; Allow Synchronous Control Signals                                          ; On                 ; On                 ;
; Force Use of Synchronous Clear Signals                                     ; Off                ; Off                ;
; Auto RAM Block Balancing                                                   ; On                 ; On                 ;
; Auto RAM to Logic Cell Conversion                                          ; Off                ; Off                ;
; Auto Resource Sharing                                                      ; Off                ; Off                ;
; Allow Any RAM Size For Recognition                                         ; Off                ; Off                ;
; Allow Any ROM Size For Recognition                                         ; Off                ; Off                ;
; Allow Any Shift Register Size For Recognition                              ; Off                ; Off                ;
; Use LogicLock Constraints during Resource Balancing                        ; On                 ; On                 ;
; Ignore translate_off and synthesis_off directives                          ; Off                ; Off                ;
; Timing-Driven Synthesis                                                    ; On                 ; On                 ;
; Report Parameter Settings                                                  ; On                 ; On                 ;
; Report Source Assignments                                                  ; On                 ; On                 ;
; Report Connectivity Checks                                                 ; On                 ; On                 ;
; Ignore Maximum Fan-Out Assignments                                         ; Off                ; Off                ;
; Synchronization Register Chain Length                                      ; 2                  ; 2                  ;
; PowerPlay Power Optimization                                               ; Normal compilation ; Normal compilation ;
; HDL message level                                                          ; Level2             ; Level2             ;
; Suppress Register Optimization Related Messages                            ; Off                ; Off                ;
; Number of Removed Registers Reported in Synthesis Report                   ; 5000               ; 5000               ;
; Number of Swept Nodes Reported in Synthesis Report                         ; 5000               ; 5000               ;
; Number of Inverted Registers Reported in Synthesis Report                  ; 100                ; 100                ;
; Clock MUX Protection                                                       ; On                 ; On                 ;
; Auto Gated Clock Conversion                                                ; Off                ; Off                ;
; Block Design Naming                                                        ; Auto               ; Auto               ;
; SDC constraint protection                                                  ; Off                ; Off                ;
; Synthesis Effort                                                           ; Auto               ; Auto               ;
; Shift Register Replacement - Allow Asynchronous Clear Signal               ; On                 ; On                 ;
; Pre-Mapping Resynthesis Optimization                                       ; Off                ; Off                ;
; Analysis & Synthesis Message Level                                         ; Medium             ; Medium             ;
; Disable Register Merging Across Hierarchies                                ; Auto               ; Auto               ;
; Resource Aware Inference For Block RAM                                     ; On                 ; On                 ;
; Synthesis Seed                                                             ; 1                  ; 1                  ;
+----------------------------------------------------------------------------+--------------------+--------------------+


+------------------------------------------+
; Parallel Compilation                     ;
+----------------------------+-------------+
; Processors                 ; Number      ;
+----------------------------+-------------+
; Number detected on machine ; 12          ;
; Maximum allowed            ; 12          ;
;                            ;             ;
; Average used               ; 1.00        ;
; Maximum used               ; 1           ;
;                            ;             ;
; Usage by Processor         ; % Time Used ;
;     Processor 1            ; 100.0%      ;
;     Processors 2-12        ;   0.0%      ;
+----------------------------+-------------+


+---------------------------------------------------------------------------------------------------------------------------+
; Analysis & Synthesis Source Files Read                                                                                    ;
+----------------------------------+-----------------+------------------------+-----------------------------------+---------+
; File Name with User-Entered Path ; Used in Netlist ; File Type              ; File Name with Absolute Path      ; Library ;
+----------------------------------+-----------------+------------------------+-----------------------------------+---------+
; ../rtl/watch.v                   ; yes             ; User Verilog HDL File  ; D:/FPGA/project/watch/rtl/watch.v ;         ;
+----------------------------------+-----------------+------------------------+-----------------------------------+---------+


+---------------------------------------------------------------+
; Analysis & Synthesis Resource Usage Summary                   ;
+---------------------------------------------+-----------------+
; Resource                                    ; Usage           ;
+---------------------------------------------+-----------------+
; Estimated Total logic elements              ; 482             ;
;                                             ;                 ;
; Total combinational functions               ; 481             ;
; Logic element usage by number of LUT inputs ;                 ;
;     -- 4 input functions                    ; 233             ;
;     -- 3 input functions                    ; 48              ;
;     -- <=2 input functions                  ; 200             ;
;                                             ;                 ;
; Logic elements by mode                      ;                 ;
;     -- normal mode                          ; 296             ;
;     -- arithmetic mode                      ; 185             ;
;                                             ;                 ;
; Total registers                             ; 198             ;
;     -- Dedicated logic registers            ; 198             ;
;     -- I/O registers                        ; 0               ;
;                                             ;                 ;
; I/O pins                                    ; 14              ;
; Embedded Multiplier 9-bit elements          ; 0               ;
; Maximum fan-out node                        ; sys_rst_n~input ;
; Maximum fan-out                             ; 198             ;
; Total fan-out                               ; 2153            ;
; Average fan-out                             ; 3.05            ;
+---------------------------------------------+-----------------+


+-----------------------------------------------------------------------------------------------------------------------------------------------------------------------------+
; Analysis & Synthesis Resource Utilization by Entity                                                                                                                         ;
+----------------------------+-------------------+--------------+-------------+--------------+---------+-----------+------+--------------+---------------------+--------------+
; Compilation Hierarchy Node ; LC Combinationals ; LC Registers ; Memory Bits ; DSP Elements ; DSP 9x9 ; DSP 18x18 ; Pins ; Virtual Pins ; Full Hierarchy Name ; Library Name ;
+----------------------------+-------------------+--------------+-------------+--------------+---------+-----------+------+--------------+---------------------+--------------+
; |watch                     ; 481 (481)         ; 198 (198)    ; 0           ; 0            ; 0       ; 0         ; 14   ; 0            ; |watch              ; work         ;
+----------------------------+-------------------+--------------+-------------+--------------+---------+-----------+------+--------------+---------------------+--------------+
Note: For table entries with two numbers listed, the numbers in parentheses indicate the number of resources of the given type used by the specific entity alone. The numbers listed outside of parentheses indicate the total resources of the given type used by the specific entity and all of its sub-entities in the hierarchy.


Encoding Type:  One-Hot
+-----------------------------------------------------------------------+
; State Machine - |watch|flag                                           ;
+-----------+-----------+-----------+-----------+-----------+-----------+
; Name      ; flag.1111 ; flag.0111 ; flag.1011 ; flag.1101 ; flag.1110 ;
+-----------+-----------+-----------+-----------+-----------+-----------+
; flag.1111 ; 0         ; 0         ; 0         ; 0         ; 0         ;
; flag.1011 ; 1         ; 0         ; 1         ; 0         ; 0         ;
; flag.1101 ; 1         ; 0         ; 0         ; 1         ; 0         ;
; flag.1110 ; 1         ; 0         ; 0         ; 0         ; 1         ;
; flag.0111 ; 1         ; 1         ; 0         ; 0         ; 0         ;
+-----------+-----------+-----------+-----------+-----------+-----------+


+----------------------------------------------------------------------------------------------------+
; User-Specified and Inferred Latches                                                                ;
+-----------------------------------------------------+---------------------+------------------------+
; Latch Name                                          ; Latch Enable Signal ; Free of Timing Hazards ;
+-----------------------------------------------------+---------------------+------------------------+
; led_bit[0]$latch                                    ; flag.1111           ; yes                    ;
; led_bit[1]$latch                                    ; flag.1111           ; yes                    ;
; led_bit[2]$latch                                    ; flag.1111           ; yes                    ;
; led_bit[3]$latch                                    ; flag.1111           ; yes                    ;
; led_out[0]$latch                                    ; Selector46          ; yes                    ;
; led_out[1]$latch                                    ; Selector46          ; yes                    ;
; led_out[2]$latch                                    ; Selector46          ; yes                    ;
; led_out[3]$latch                                    ; Selector46          ; yes                    ;
; led_out[4]$latch                                    ; Selector46          ; yes                    ;
; led_out[5]$latch                                    ; Selector46          ; yes                    ;
; led_out[6]$latch                                    ; Selector46          ; yes                    ;
; led_out[7]$latch                                    ; Selector46          ; yes                    ;
; Number of user-specified and inferred latches = 12  ;                     ;                        ;
+-----------------------------------------------------+---------------------+------------------------+
Note: All latches listed above may not be present at the end of synthesis due to various synthesis optimizations.


+------------------------------------------------------+
; General Register Statistics                          ;
+----------------------------------------------+-------+
; Statistic                                    ; Value ;
+----------------------------------------------+-------+
; Total registers                              ; 198   ;
; Number of registers using Synchronous Clear  ; 32    ;
; Number of registers using Synchronous Load   ; 0     ;
; Number of registers using Asynchronous Clear ; 165   ;
; Number of registers using Asynchronous Load  ; 0     ;
; Number of registers using Clock Enable       ; 65    ;
; Number of registers using Preset             ; 0     ;
+----------------------------------------------+-------+


+------------------------------------------------------------------------------------------------------------------------------------------+
; Multiplexer Restructuring Statistics (Restructuring Performed)                                                                           ;
+--------------------+-----------+---------------+----------------------+------------------------+------------+----------------------------+
; Multiplexer Inputs ; Bus Width ; Baseline Area ; Area if Restructured ; Saving if Restructured ; Registered ; Example Multiplexer Output ;
+--------------------+-----------+---------------+----------------------+------------------------+------------+----------------------------+
; 3:1                ; 32 bits   ; 64 LEs        ; 32 LEs               ; 32 LEs                 ; Yes        ; |watch|cminl[20]           ;
; 4:1                ; 32 bits   ; 64 LEs        ; 32 LEs               ; 32 LEs                 ; Yes        ; |watch|cseh[12]            ;
; 4:1                ; 32 bits   ; 64 LEs        ; 32 LEs               ; 32 LEs                 ; Yes        ; |watch|csel[5]             ;
; 6:1                ; 31 bits   ; 124 LEs       ; 31 LEs               ; 93 LEs                 ; Yes        ; |watch|scan[25]            ;
; 5:1                ; 5 bits    ; 15 LEs        ; 15 LEs               ; 0 LEs                  ; No         ; |watch|flag                ;
; 4:1                ; 7 bits    ; 14 LEs        ; 14 LEs               ; 0 LEs                  ; No         ; |watch|Selector51          ;
+--------------------+-----------+---------------+----------------------+------------------------+------------+----------------------------+


+-------------------------------+
; Elapsed Time Per Partition    ;
+----------------+--------------+
; Partition Name ; Elapsed Time ;
+----------------+--------------+
; Top            ; 00:00:01     ;
+----------------+--------------+


+-------------------------------+
; Analysis & Synthesis Messages ;
+-------------------------------+
Info: *******************************************************************
Info: Running Quartus II 64-Bit Analysis & Synthesis
    Info: Version 13.0.1 Build 232 06/12/2013 Service Pack 1 SJ Full Version
    Info: Processing started: Sun Jan 09 13:08:37 2022
Info: Command: quartus_map --read_settings_files=on --write_settings_files=off watch -c watch
Info (20030): Parallel compilation is enabled and will use 12 of the 12 processors detected
Info (12021): Found 1 design units, including 1 entities, in source file /fpga/project/watch/rtl/watch.v
    Info (12023): Found entity 1: watch
Info (12127): Elaborating entity "watch" for the top level hierarchy
Warning (10762): Verilog HDL Case Statement warning at watch.v(99): can't check case statement for completeness because the case expression has too many possible states
Warning (10270): Verilog HDL Case Statement warning at watch.v(99): incomplete case statement has no default case item
Warning (10762): Verilog HDL Case Statement warning at watch.v(114): can't check case statement for completeness because the case expression has too many possible states
Warning (10270): Verilog HDL Case Statement warning at watch.v(114): incomplete case statement has no default case item
Warning (10762): Verilog HDL Case Statement warning at watch.v(125): can't check case statement for completeness because the case expression has too many possible states
Warning (10270): Verilog HDL Case Statement warning at watch.v(125): incomplete case statement has no default case item
Warning (10762): Verilog HDL Case Statement warning at watch.v(140): can't check case statement for completeness because the case expression has too many possible states
Warning (10270): Verilog HDL Case Statement warning at watch.v(140): incomplete case statement has no default case item
Warning (10270): Verilog HDL Case Statement warning at watch.v(96): incomplete case statement has no default case item
Info (10264): Verilog HDL Case Statement information at watch.v(96): all case item expressions in this case statement are onehot
Warning (10240): Verilog HDL Always Construct warning at watch.v(96): inferring latch(es) for variable "led_bit", which holds its previous value in one or more paths through the always construct
Warning (10240): Verilog HDL Always Construct warning at watch.v(96): inferring latch(es) for variable "led_out", which holds its previous value in one or more paths through the always construct
Info (10041): Inferred latch for "led_out[0]" at watch.v(96)
Info (10041): Inferred latch for "led_out[1]" at watch.v(96)
Info (10041): Inferred latch for "led_out[2]" at watch.v(96)
Info (10041): Inferred latch for "led_out[3]" at watch.v(96)
Info (10041): Inferred latch for "led_out[4]" at watch.v(96)
Info (10041): Inferred latch for "led_out[5]" at watch.v(96)
Info (10041): Inferred latch for "led_out[6]" at watch.v(96)
Info (10041): Inferred latch for "led_out[7]" at watch.v(96)
Info (10041): Inferred latch for "led_bit[0]" at watch.v(96)
Info (10041): Inferred latch for "led_bit[1]" at watch.v(96)
Info (10041): Inferred latch for "led_bit[2]" at watch.v(96)
Info (10041): Inferred latch for "led_bit[3]" at watch.v(96)
Warning (13012): Latch led_out[0]$latch has unsafe behavior
    Warning (13013): Ports D and ENA on the latch are fed by the same signal flag.1011
Warning (13012): Latch led_out[1]$latch has unsafe behavior
    Warning (13013): Ports D and ENA on the latch are fed by the same signal cseh[31]
Warning (13012): Latch led_out[2]$latch has unsafe behavior
    Warning (13013): Ports D and ENA on the latch are fed by the same signal cminl[31]
Warning (13012): Latch led_out[3]$latch has unsafe behavior
    Warning (13013): Ports D and ENA on the latch are fed by the same signal flag.0111
Warning (13012): Latch led_out[4]$latch has unsafe behavior
    Warning (13013): Ports D and ENA on the latch are fed by the same signal flag.1011
Warning (13012): Latch led_out[5]$latch has unsafe behavior
    Warning (13013): Ports D and ENA on the latch are fed by the same signal flag.0111
Warning (13012): Latch led_out[6]$latch has unsafe behavior
    Warning (13013): Ports D and ENA on the latch are fed by the same signal flag.1011
Warning (13012): Latch led_out[7]$latch has unsafe behavior
    Warning (13013): Ports D and ENA on the latch are fed by the same signal flag.1011
Info (286030): Timing-Driven Synthesis is running
Info (144001): Generated suppressed messages file D:/FPGA/project/watch/prj/output_files/watch.map.smsg
Info (16010): Generating hard_block partition "hard_block:auto_generated_inst"
    Info (16011): Adding 0 node(s), including 0 DDIO, 0 PLL, 0 transceiver and 0 LCELL
Info (21057): Implemented 518 device resources after synthesis - the final resource count might be different
    Info (21058): Implemented 2 input pins
    Info (21059): Implemented 12 output pins
    Info (21061): Implemented 504 logic cells
Info: Quartus II 64-Bit Analysis & Synthesis was successful. 0 errors, 27 warnings
    Info: Peak virtual memory: 4627 megabytes
    Info: Processing ended: Sun Jan 09 13:08:39 2022
    Info: Elapsed time: 00:00:02
    Info: Total CPU time (on all processors): 00:00:02


+------------------------------------------+
; Analysis & Synthesis Suppressed Messages ;
+------------------------------------------+
The suppressed messages can be found in D:/FPGA/project/watch/prj/output_files/watch.map.smsg.


